[21:05:00] [ERROR] mysql_connect: invalid option id '3306'
[21:05:00] [ERROR] mysql_errno: invalid connection handle '0'
[21:05:00] [ERROR] mysql_errno: invalid connection handle '0'
[21:06:15] [ERROR] mysql_connect: invalid option id '3306'
[21:06:15] [ERROR] mysql_errno: invalid connection handle '0'
[21:06:15] [ERROR] mysql_errno: invalid connection handle '0'
[21:07:50] [ERROR] mysql_connect: invalid option id '3306'
[21:07:50] [ERROR] mysql_errno: invalid connection handle '0'
[21:07:50] [ERROR] mysql_errno: invalid connection handle '0'
[21:08:56] [WARNING] mysql_connect: no password specified
[21:08:56] [ERROR] CConnection::CConnection - establishing connection to MySQL database failed: #2019 'Can't initialize character set unknown (path: compiled_in)'
[21:08:56] [ERROR] CConnection::CConnection - establishing connection to MySQL database failed: #2019 'Can't initialize character set unknown (path: compiled_in)'
[21:08:56] [ERROR] CConnection::CConnection - establishing connection to MySQL database failed: #2019 'Can't initialize character set unknown (path: compiled_in)'
[21:08:56] [ERROR] CConnection::CConnection - establishing connection to MySQL database failed: #2019 'Can't initialize character set unknown (path: compiled_in)'
[21:10:34] [WARNING] mysql_connect: no password specified
[21:10:34] [ERROR] CConnection::CConnection - establishing connection to MySQL database failed: #2019 'Can't initialize character set unknown (path: compiled_in)'
[21:10:34] [ERROR] CConnection::CConnection - establishing connection to MySQL database failed: #2019 'Can't initialize character set unknown (path: compiled_in)'
[21:10:34] [ERROR] CConnection::CConnection - establishing connection to MySQL database failed: #2019 'Can't initialize character set unknown (path: compiled_in)'
[21:10:34] [ERROR] CConnection::CConnection - establishing connection to MySQL database failed: #2019 'Can't initialize character set unknown (path: compiled_in)'
[15:43:46] [WARNING] mysql_connect: no password specified
[15:43:48] [ERROR] CConnection::CConnection - establishing connection to MySQL database failed: #2002 'Can't connect to MySQL server on '127.0.0.1' (10061)'
[15:43:50] [ERROR] CConnection::CConnection - establishing connection to MySQL database failed: #2002 'Can't connect to MySQL server on '127.0.0.1' (10061)'
[15:43:52] [ERROR] CConnection::CConnection - establishing connection to MySQL database failed: #2002 'Can't connect to MySQL server on '127.0.0.1' (10061)'
[15:43:54] [ERROR] CConnection::CConnection - establishing connection to MySQL database failed: #2002 'Can't connect to MySQL server on '127.0.0.1' (10061)'
[15:44:45] [WARNING] mysql_connect: no password specified
[15:44:45] [ERROR] CConnection::CConnection - establishing connection to MySQL database failed: #2019 'Can't initialize character set unknown (path: compiled_in)'
[15:44:45] [ERROR] CConnection::CConnection - establishing connection to MySQL database failed: #2019 'Can't initialize character set unknown (path: compiled_in)'
[15:44:45] [ERROR] CConnection::CConnection - establishing connection to MySQL database failed: #2019 'Can't initialize character set unknown (path: compiled_in)'
[15:44:45] [ERROR] CConnection::CConnection - establishing connection to MySQL database failed: #2019 'Can't initialize character set unknown (path: compiled_in)'
[15:45:10] [WARNING] mysql_connect: no password specified
[15:45:10] [ERROR] CConnection::CConnection - establishing connection to MySQL database failed: #2019 'Can't initialize character set unknown (path: compiled_in)'
[15:45:10] [ERROR] CConnection::CConnection - establishing connection to MySQL database failed: #2019 'Can't initialize character set unknown (path: compiled_in)'
[15:45:10] [ERROR] CConnection::CConnection - establishing connection to MySQL database failed: #2019 'Can't initialize character set unknown (path: compiled_in)'
[15:45:10] [ERROR] CConnection::CConnection - establishing connection to MySQL database failed: #2019 'Can't initialize character set unknown (path: compiled_in)'
[18:32:18] [WARNING] mysql_connect: no password specified
[18:32:18] [ERROR] CConnection::CConnection - establishing connection to MySQL database failed: #2005 'Unknown MySQL server host 'mysql-8.0' (0)'
[18:32:18] [ERROR] CConnection::CConnection - establishing connection to MySQL database failed: #2005 'Unknown MySQL server host 'mysql-8.0' (0)'
[18:32:18] [ERROR] CConnection::CConnection - establishing connection to MySQL database failed: #2005 'Unknown MySQL server host 'mysql-8.0' (0)'
[18:32:18] [ERROR] CConnection::CConnection - establishing connection to MySQL database failed: #2005 'Unknown MySQL server host 'mysql-8.0' (0)'
[18:33:25] [WARNING] mysql_connect: no password specified
[18:33:25] [ERROR] CConnection::CConnection - establishing connection to MySQL database failed: #2005 'Unknown MySQL server host 'mysql-8.0' (0)'
[18:33:25] [ERROR] CConnection::CConnection - establishing connection to MySQL database failed: #2005 'Unknown MySQL server host 'mysql-8.0' (0)'
[18:33:25] [ERROR] CConnection::CConnection - establishing connection to MySQL database failed: #2005 'Unknown MySQL server host 'mysql-8.0' (0)'
[18:33:25] [ERROR] CConnection::CConnection - establishing connection to MySQL database failed: #2005 'Unknown MySQL server host 'mysql-8.0' (0)'
[19:01:43] [WARNING] mysql_connect: no password specified
[19:05:05] [WARNING] mysql_connect: no password specified
[19:05:05] [ERROR] CConnection::CConnection - establishing connection to MySQL database failed: #2019 'Can't initialize character set unknown (path: compiled_in)'
[19:05:05] [ERROR] CConnection::CConnection - establishing connection to MySQL database failed: #2019 'Can't initialize character set unknown (path: compiled_in)'
[19:05:05] [ERROR] CConnection::CConnection - establishing connection to MySQL database failed: #2019 'Can't initialize character set unknown (path: compiled_in)'
[19:05:05] [ERROR] CConnection::CConnection - establishing connection to MySQL database failed: #2019 'Can't initialize character set unknown (path: compiled_in)'
[19:05:41] [WARNING] mysql_connect: no password specified
[19:05:41] [ERROR] CConnection::CConnection - establishing connection to MySQL database failed: #2005 'Unknown MySQL server host '127.0.0.1:3306 ' (0)'
[19:05:41] [ERROR] CConnection::CConnection - establishing connection to MySQL database failed: #2005 'Unknown MySQL server host '127.0.0.1:3306 ' (0)'
[19:05:41] [ERROR] CConnection::CConnection - establishing connection to MySQL database failed: #2005 'Unknown MySQL server host '127.0.0.1:3306 ' (0)'
[19:05:41] [ERROR] CConnection::CConnection - establishing connection to MySQL database failed: #2005 'Unknown MySQL server host '127.0.0.1:3306 ' (0)'
[19:06:37] [WARNING] mysql_connect: no password specified
[19:06:41] [ERROR] CConnection::CConnection - establishing connection to MySQL database failed: #2002 'Can't connect to MySQL server on 'localhost' (10061)'
[19:06:45] [ERROR] CConnection::CConnection - establishing connection to MySQL database failed: #2002 'Can't connect to MySQL server on 'localhost' (10061)'
[19:06:49] [ERROR] CConnection::CConnection - establishing connection to MySQL database failed: #2002 'Can't connect to MySQL server on 'localhost' (10061)'
[19:06:53] [ERROR] CConnection::CConnection - establishing connection to MySQL database failed: #2002 'Can't connect to MySQL server on 'localhost' (10061)'
[19:07:11] [WARNING] mysql_connect: no password specified
[20:06:13] [WARNING] mysql_connect: no password specified
[20:06:45] [ERROR] error #1064 while executing query "SELECT * FROM `users` WHERE `nick`= 'Devs_de": You have an error in your SQL syntax; check the manual that corresponds to your MySQL server version for the right syntax to use near ''Devs_de' at line 1
[21:01:46] [WARNING] mysql_connect: no password specified
[21:02:17] [ERROR] error #1064 while executing query "SELECT * FROM `users` WHERE `nick`= 'Devs_de": You have an error in your SQL syntax; check the manual that corresponds to your MySQL server version for the right syntax to use near ''Devs_de' at line 1
[21:09:21] [WARNING] mysql_connect: no password specified
[21:09:46] [ERROR] error #1064 while executing query "SELECT * FROM `users` WHERE `nick`= 'Devs_de": You have an error in your SQL syntax; check the manual that corresponds to your MySQL server version for the right syntax to use near ''Devs_de' at line 1
[21:11:42] [WARNING] mysql_connect: no password specified
[21:12:10] [ERROR] error #1064 while executing query "SELECT * FROM `users` WHERE `nick`= 'Devs_de": You have an error in your SQL syntax; check the manual that corresponds to your MySQL server version for the right syntax to use near ''Devs_de' at line 1
[21:18:46] [WARNING] mysql_connect: no password specified
[21:28:57] [WARNING] mysql_connect: no password specified
[21:30:49] [WARNING] mysql_connect: no password specified
[21:32:11] [ERROR] error #1064 while executing query "SELECT * FROM `users` WHERE `nick`= 'Devs_de": You have an error in your SQL syntax; check the manual that corresponds to your MySQL server version for the right syntax to use near ''Devs_de' at line 1
[21:33:27] [WARNING] mysql_connect: no password specified
[21:36:17] [ERROR] error #1064 while executing query "SELECT * FROM `users` WHERE `nick`= 'Devs_de": You have an error in your SQL syntax; check the manual that corresponds to your MySQL server version for the right syntax to use near ''Devs_de' at line 1
[21:42:33] [ERROR] error #1064 while executing query "SELECT * FROM `users` WHERE `nick`= 'Devs_de": You have an error in your SQL syntax; check the manual that corresponds to your MySQL server version for the right syntax to use near ''Devs_de' at line 1
[20:39:46] [WARNING] mysql_connect: no password specified
[20:39:50] [ERROR] CConnection::CConnection - establishing connection to MySQL database failed: #2002 'Can't connect to MySQL server on 'localhost' (10061)'
[20:39:54] [ERROR] CConnection::CConnection - establishing connection to MySQL database failed: #2002 'Can't connect to MySQL server on 'localhost' (10061)'
[20:40:14] [WARNING] mysql_connect: no password specified
[20:40:56] [ERROR] error #1064 while executing query "SELECT * FROM `users` WHERE `nick`= 'Devs_de": You have an error in your SQL syntax; check the manual that corresponds to your MySQL server version for the right syntax to use near ''Devs_de' at line 1
[14:05:11] [WARNING] mysql_connect: no password specified
[20:06:46] [ERROR] error #1064 while executing query "SELECT * FROM `users` WHERE `nick`= 'Devs_De": You have an error in your SQL syntax; check the manual that corresponds to your MariaDB server version for the right syntax to use near ''Devs_De' at line 1
[20:23:00] [ERROR] error #1064 while executing query "SELECT * FROM `users` WHERE `nick`= 'Devs_De": You have an error in your SQL syntax; check the manual that corresponds to your MariaDB server version for the right syntax to use near ''Devs_De' at line 1
[20:32:20] [ERROR] error #1064 while executing query "SELECT * FROM `users` WHERE `nick`= 'Devs_De": You have an error in your SQL syntax; check the manual that corresponds to your MariaDB server version for the right syntax to use near ''Devs_De' at line 1
[20:34:36] [ERROR] error #1064 while executing query "SELECT * FROM `users` WHERE `nick`= 'Devs_De": You have an error in your SQL syntax; check the manual that corresponds to your MariaDB server version for the right syntax to use near ''Devs_De' at line 1
[20:51:57] [ERROR] error #1064 while executing query "SELECT * FROM `users` WHERE `nick`= 'Devs_De": You have an error in your SQL syntax; check the manual that corresponds to your MariaDB server version for the right syntax to use near ''Devs_De' at line 1
[20:57:43] [ERROR] error #1064 while executing query "SELECT * FROM `users` WHERE `nick`= 'Devs_De": You have an error in your SQL syntax; check the manual that corresponds to your MariaDB server version for the right syntax to use near ''Devs_De' at line 1
[19:24:10] [WARNING] mysql_connect: no password specified
[19:46:20] [WARNING] mysql_connect: no password specified (C:\Metalife\gamemodes\MetaLife.pwn:87)
[19:50:58] [WARNING] mysql_connect: no password specified (C:\Metalife\gamemodes\MetaLife.pwn:87)
[20:07:00] [WARNING] mysql_connect: no password specified (C:\Metalife\gamemodes\MetaLife.pwn:87)
[21:32:20] [WARNING] mysql_connect: no password specified (C:\Metalife\gamemodes\MetaLife.pwn:86)
[21:37:05] [WARNING] mysql_connect: no password specified (C:\Metalife\gamemodes\MetaLife.pwn:86)
[21:46:13] [WARNING] mysql_connect: no password specified (C:\Metalife\gamemodes\MetaLife.pwn:86)
[21:46:46] [ERROR] error #1054 while executing query "INSERT INTO `users`(`id`, `nick`, `password`, `gender`) VALUES (P_ID, P_NICK, P_PASS,P_GENDER)": Unknown column 'P_ID' in 'field list' (C:\Metalife\gamemodes\MetaLife.pwn:337)
[21:46:47] [ERROR] error #1054 while executing query "INSERT INTO `users`(`id`, `nick`, `password`, `gender`) VALUES (P_ID, P_NICK, P_PASS,P_GENDER)": Unknown column 'P_ID' in 'field list' (C:\Metalife\gamemodes\MetaLife.pwn:337)
[22:06:11] [WARNING] mysql_connect: no password specified (C:\Metalife\gamemodes\MetaLife.pwn:86)
[22:08:32] [WARNING] mysql_connect: no password specified (C:\Metalife\gamemodes\MetaLife.pwn:86)
[12:24:39] [WARNING] mysql_connect: no password specified (C:\Metalife\gamemodes\MetaLife.pwn:86)
[12:24:41] [ERROR] CConnection::CConnection - establishing connection to MySQL database failed: #2002 'Can't connect to MySQL server on '127.0.0.1' (10061)'
[12:24:43] [ERROR] CConnection::CConnection - establishing connection to MySQL database failed: #2002 'Can't connect to MySQL server on '127.0.0.1' (10061)'
[12:24:45] [ERROR] CConnection::CConnection - establishing connection to MySQL database failed: #2002 'Can't connect to MySQL server on '127.0.0.1' (10061)'
[12:24:47] [ERROR] CConnection::CConnection - establishing connection to MySQL database failed: #2002 'Can't connect to MySQL server on '127.0.0.1' (10061)'
[12:25:05] [WARNING] mysql_connect: no password specified (C:\Metalife\gamemodes\MetaLife.pwn:86)
[12:37:00] [WARNING] mysql_connect: no password specified (C:\Metalife\gamemodes\MetaLife.pwn:86)
[12:49:16] [WARNING] mysql_connect: no password specified (C:\Metalife\gamemodes\MetaLife.pwn:86)
[12:57:39] [WARNING] mysql_connect: no password specified (C:\Metalife\gamemodes\MetaLife.pwn:86)
[13:00:42] [WARNING] mysql_connect: no password specified (C:\Metalife\gamemodes\MetaLife.pwn:86)
[13:07:02] [WARNING] mysql_connect: no password specified (C:\Metalife\gamemodes\MetaLife.pwn:86)
[13:16:35] [WARNING] mysql_connect: no password specified (C:\Metalife\gamemodes\MetaLife.pwn:86)
[13:20:51] [WARNING] mysql_connect: no password specified (C:\Metalife\gamemodes\MetaLife.pwn:86)
[13:24:44] [WARNING] mysql_connect: no password specified (C:\Metalife\gamemodes\MetaLife.pwn:86)
[11:49:30] [WARNING] mysql_connect: no password specified (C:\Project\Metalife\gamemodes\MetaLife.pwn:86)
[10:27:37] [WARNING] mysql_connect: no password specified (C:\Project\Metalife\gamemodes\MetaLife.pwn:86)
[10:27:39] [ERROR] CConnection::CConnection - establishing connection to MySQL database failed: #2002 'Can't connect to MySQL server on '127.0.0.1' (10061)'
[10:27:41] [ERROR] CConnection::CConnection - establishing connection to MySQL database failed: #2002 'Can't connect to MySQL server on '127.0.0.1' (10061)'
[10:28:18] [WARNING] mysql_connect: no password specified (C:\Project\Metalife\gamemodes\MetaLife.pwn:86)
[11:09:11] [WARNING] mysql_connect: no password specified (C:\Project\Metalife\gamemodes\MetaLife.pwn:86)
[11:34:23] [WARNING] mysql_connect: no password specified (C:\Project\Metalife\gamemodes\MetaLife.pwn:86)
